TN:
SF:src/business/ProductBusiness.ts
FN:11,(anonymous_7)
FN:17,(anonymous_8)
FN:19,(anonymous_9)
FN:30,(anonymous_10)
FN:46,(anonymous_11)
FN:48,(anonymous_12)
FNF:6
FNH:6
FNDA:2,(anonymous_7)
FNDA:2,(anonymous_8)
FNDA:2,(anonymous_9)
FNDA:2,(anonymous_10)
FNDA:3,(anonymous_11)
FNDA:3,(anonymous_12)
DA:4,2
DA:5,2
DA:6,2
DA:10,2
DA:12,2
DA:13,2
DA:14,2
DA:17,2
DA:19,2
DA:20,2
DA:22,2
DA:24,2
DA:25,1
DA:28,1
DA:30,1
DA:31,2
DA:38,2
DA:41,1
DA:43,1
DA:46,2
DA:48,3
DA:49,3
DA:51,3
DA:53,3
DA:54,1
DA:57,2
DA:58,1
DA:61,1
DA:63,1
DA:70,1
DA:71,1
DA:73,1
DA:78,1
LF:33
LH:33
BRDA:24,0,0,1
BRDA:53,1,0,1
BRDA:57,2,0,1
BRF:3
BRH:3
end_of_record
TN:
SF:src/business/UserBusiness.ts
FN:13,(anonymous_7)
FN:20,(anonymous_8)
FN:22,(anonymous_9)
FN:37,(anonymous_10)
FN:55,(anonymous_11)
FN:57,(anonymous_12)
FN:91,(anonymous_13)
FN:93,(anonymous_14)
FNF:8
FNH:8
FNDA:3,(anonymous_7)
FNDA:3,(anonymous_8)
FNDA:3,(anonymous_9)
FNDA:2,(anonymous_10)
FNDA:1,(anonymous_11)
FNDA:1,(anonymous_12)
FNDA:3,(anonymous_13)
FNDA:3,(anonymous_14)
DA:5,3
DA:6,3
DA:7,3
DA:12,3
DA:14,3
DA:15,3
DA:16,3
DA:17,3
DA:20,3
DA:22,3
DA:23,3
DA:25,3
DA:27,3
DA:28,1
DA:31,2
DA:32,1
DA:35,1
DA:37,1
DA:38,2
DA:47,2
DA:50,1
DA:52,1
DA:55,3
DA:57,1
DA:58,1
DA:60,1
DA:61,1
DA:63,1
DA:72,1
DA:73,1
DA:75,1
DA:81,1
DA:83,1
DA:88,1
DA:91,3
DA:93,3
DA:94,3
DA:96,3
DA:98,3
DA:99,1
DA:102,2
DA:104,2
DA:106,2
DA:107,1
DA:110,1
DA:119,1
DA:125,1
DA:127,1
DA:132,1
LF:49
LH:49
BRDA:27,0,0,1
BRDA:31,1,0,1
BRDA:98,2,0,1
BRDA:106,3,0,1
BRF:4
BRH:4
end_of_record
TN:
SF:src/database/BaseDatabase.ts
FN:16,(anonymous_1)
FNF:1
FNH:0
FNDA:0,(anonymous_1)
DA:1,5
DA:2,5
DA:4,5
DA:6,5
DA:7,5
DA:17,0
LF:6
LH:5
BRF:0
BRH:0
end_of_record
TN:
SF:src/dtos/product/createProduct.dto.ts
FN:19,(anonymous_1)
FNF:1
FNH:1
FNDA:3,(anonymous_1)
DA:1,1
DA:15,1
DA:19,3
LF:3
LH:3
BRF:0
BRH:0
end_of_record
TN:
SF:src/dtos/user/getUsers.dto.ts
FN:14,(anonymous_1)
FNF:1
FNH:1
FNDA:3,(anonymous_1)
DA:1,1
DA:11,1
DA:14,3
LF:3
LH:3
BRF:0
BRH:0
end_of_record
TN:
SF:src/dtos/user/login.dto.ts
FN:16,(anonymous_1)
FNF:1
FNH:1
FNDA:3,(anonymous_1)
DA:1,1
DA:13,1
DA:16,3
LF:3
LH:3
BRF:0
BRH:0
end_of_record
TN:
SF:src/dtos/user/signup.dto.ts
FN:18,(anonymous_1)
FNF:1
FNH:1
FNDA:1,(anonymous_1)
DA:1,1
DA:14,1
DA:18,1
LF:3
LH:3
BRF:0
BRH:0
end_of_record
TN:
SF:src/errors/BadRequestError.ts
FNF:0
FNH:0
DA:1,5
DA:3,5
DA:7,6
LF:3
LH:3
BRDA:5,0,0,0
BRF:1
BRH:0
end_of_record
TN:
SF:src/errors/BaseError.ts
FN:2,(anonymous_0)
FNF:1
FNH:1
FNDA:7,(anonymous_0)
DA:1,5
DA:3,7
DA:6,7
LF:3
LH:3
BRF:0
BRH:0
end_of_record
TN:
SF:src/errors/NotFoundError.ts
FNF:0
FNH:0
DA:1,3
DA:3,3
DA:7,1
LF:3
LH:3
BRDA:5,0,0,0
BRF:1
BRH:0
end_of_record
TN:
SF:src/models/Product.ts
FN:16,(anonymous_0)
FN:23,(anonymous_1)
FN:27,(anonymous_2)
FN:31,(anonymous_3)
FN:35,(anonymous_4)
FN:39,(anonymous_5)
FN:43,(anonymous_6)
FN:47,(anonymous_7)
FN:51,(anonymous_8)
FN:55,(anonymous_9)
FN:64,(anonymous_10)
FNF:11
FNH:11
FNDA:8,(anonymous_0)
FNDA:1,(anonymous_1)
FNDA:1,(anonymous_2)
FNDA:1,(anonymous_3)
FNDA:1,(anonymous_4)
FNDA:1,(anonymous_5)
FNDA:1,(anonymous_6)
FNDA:1,(anonymous_7)
FNDA:1,(anonymous_8)
FNDA:1,(anonymous_9)
FNDA:3,(anonymous_10)
DA:15,3
DA:17,8
DA:18,8
DA:19,8
DA:20,8
DA:24,1
DA:28,1
DA:32,1
DA:36,1
DA:40,1
DA:44,1
DA:48,1
DA:52,1
DA:56,1
DA:65,3
LF:15
LH:15
BRF:0
BRH:0
end_of_record
TN:
SF:src/models/User.ts
FN:1,(anonymous_0)
FN:30,(anonymous_1)
FN:39,(anonymous_2)
FN:43,(anonymous_3)
FN:47,(anonymous_4)
FN:51,(anonymous_5)
FN:55,(anonymous_6)
FN:59,(anonymous_7)
FN:63,(anonymous_8)
FN:67,(anonymous_9)
FN:71,(anonymous_10)
FN:75,(anonymous_11)
FN:79,(anonymous_12)
FN:83,(anonymous_13)
FN:87,(anonymous_14)
FN:98,(anonymous_15)
FNF:16
FNH:7
FNDA:5,(anonymous_0)
FNDA:4,(anonymous_1)
FNDA:2,(anonymous_2)
FNDA:0,(anonymous_3)
FNDA:2,(anonymous_4)
FNDA:0,(anonymous_5)
FNDA:0,(anonymous_6)
FNDA:0,(anonymous_7)
FNDA:0,(anonymous_8)
FNDA:0,(anonymous_9)
FNDA:2,(anonymous_10)
FNDA:0,(anonymous_11)
FNDA:0,(anonymous_12)
FNDA:0,(anonymous_13)
FNDA:1,(anonymous_14)
FNDA:2,(anonymous_15)
DA:1,5
DA:2,5
DA:3,5
DA:29,5
DA:31,4
DA:32,4
DA:33,4
DA:34,4
DA:35,4
DA:36,4
DA:40,2
DA:44,0
DA:48,2
DA:52,0
DA:56,0
DA:60,0
DA:64,0
DA:68,0
DA:72,2
DA:76,0
DA:80,0
DA:84,0
DA:88,1
DA:99,2
LF:24
LH:15
BRDA:1,0,0,5
BRDA:1,0,1,5
BRF:2
BRH:2
end_of_record
TN:
SF:tests/mocks/HashManagerMock.ts
FN:1,(anonymous_7)
FN:2,(anonymous_8)
FN:4,(anonymous_9)
FN:8,(anonymous_10)
FN:11,(anonymous_11)
FNF:5
FNH:5
FNDA:3,(anonymous_7)
FNDA:1,(anonymous_8)
FNDA:1,(anonymous_9)
FNDA:2,(anonymous_10)
FNDA:2,(anonymous_11)
DA:1,3
DA:2,3
DA:4,1
DA:5,1
DA:8,3
DA:11,2
DA:12,2
DA:14,1
DA:17,0
DA:20,1
LF:10
LH:9
BRDA:12,0,0,1
BRDA:12,0,1,0
BRDA:12,0,2,1
BRF:3
BRH:2
end_of_record
TN:
SF:tests/mocks/IdGeneratorMock.ts
FN:1,(anonymous_0)
FN:2,(anonymous_1)
FNF:2
FNH:2
FNDA:5,(anonymous_0)
FNDA:2,(anonymous_1)
DA:1,5
DA:2,5
DA:3,2
LF:3
LH:3
BRF:0
BRH:0
end_of_record
TN:
SF:tests/mocks/ProductDatabaseMock.ts
FN:22,(anonymous_7)
FN:27,(anonymous_9)
FN:35,(anonymous_10)
FN:38,(anonymous_12)
FN:41,(anonymous_13)
FNF:5
FNH:2
FNDA:1,(anonymous_7)
FNDA:0,(anonymous_9)
FNDA:0,(anonymous_10)
FNDA:0,(anonymous_12)
FNDA:1,(anonymous_13)
DA:2,2
DA:4,2
DA:19,2
DA:20,2
DA:25,1
DA:26,0
DA:27,0
DA:31,1
DA:38,0
LF:9
LH:6
BRDA:25,0,0,0
BRDA:25,0,1,1
BRF:2
BRH:1
end_of_record
TN:
SF:tests/mocks/TokenManagerMock.ts
FN:4,(anonymous_0)
FN:5,(anonymous_1)
FN:20,(anonymous_2)
FNF:3
FNH:3
FNDA:5,(anonymous_0)
FNDA:2,(anonymous_1)
FNDA:8,(anonymous_2)
DA:2,5
DA:4,5
DA:5,5
DA:6,2
DA:8,1
DA:10,1
DA:12,1
DA:16,0
DA:20,5
DA:21,8
DA:22,2
DA:28,6
DA:29,3
DA:35,3
LF:14
LH:13
BRDA:6,0,0,1
BRDA:6,0,1,1
BRDA:10,1,0,1
BRDA:10,1,1,0
BRDA:21,2,0,2
BRDA:21,2,1,6
BRDA:28,3,0,3
BRDA:28,3,1,3
BRF:8
BRH:7
end_of_record
TN:
SF:tests/mocks/UserDatabaseMock.ts
FN:26,(anonymous_7)
FN:30,(anonymous_9)
FN:39,(anonymous_10)
FN:42,(anonymous_12)
FN:45,(anonymous_13)
FN:48,(anonymous_15)
FN:51,(anonymous_16)
FNF:7
FNH:4
FNDA:1,(anonymous_7)
FNDA:0,(anonymous_9)
FNDA:0,(anonymous_10)
FNDA:0,(anonymous_12)
FNDA:3,(anonymous_13)
FNDA:6,(anonymous_15)
FNDA:1,(anonymous_16)
DA:1,3
DA:2,3
DA:4,3
DA:23,3
DA:24,3
DA:29,1
DA:30,0
DA:31,0
DA:35,1
DA:42,0
DA:48,6
LF:11
LH:8
BRDA:29,0,0,0
BRDA:29,0,1,1
BRF:2
BRH:1
end_of_record
